2023/03/18 10:33:50 - Inserted new entry: (None, 'Oddset', 'Milano-Sanremo: Vinder', 'Wout Van Aert', '5.5', '2023/03/18 10:33:50')
2023/03/18 10:33:50 - Inserted new entry: (None, 'Oddset', 'Milano-Sanremo: Vinder', 'Matej Mohoric', '15.0', '2023/03/18 10:33:50')
2023/03/18 10:33:50 - Inserted new entry: (None, 'Oddset', 'Milano-Sanremo: Vinder', 'Caleb Ewan', '15.0', '2023/03/18 10:33:50')
2023/03/18 10:33:50 - Inserted new entry: (None, 'Oddset', 'Milano-Sanremo: Vinder', 'Mathieu van der Poel', '15.0', '2023/03/18 10:33:50')
2023/03/18 10:33:50 - Inserted new entry: (None, 'Oddset', 'Milano-Sanremo: Vinder', 'Julian Alaphilippe', '25.0', '2023/03/18 10:33:50')
2023/03/18 10:33:50 - Inserted new entry: (None, 'Oddset', 'Milano-Sanremo: Vinder', 'Mads Pedersen', '12.0', '2023/03/18 10:33:50')
2023/03/18 10:33:50 - Inserted new entry: (None, 'Oddset', 'Milano-Sanremo: Vinder', 'Søren Kragh Andersen', '22.0', '2023/03/18 10:33:50')
2023/03/18 10:33:50 - Inserted new entry: (None, 'Oddset', 'Milano-Sanremo: Vinder', 'Biniam Girmay', '22.0', '2023/03/18 10:33:50')
2023/03/18 10:33:50 - Inserted new entry: (None, 'Oddset', 'Milano-Sanremo: Vinder', 'Christophe Laporte', '35.0', '2023/03/18 10:33:50')
2023/03/18 10:33:50 - Inserted new entry: (None, 'Oddset', 'Milano-Sanremo: Vinder', 'Tadej Pogacar', '5.5', '2023/03/18 10:33:50')
2023/03/18 10:33:50 - Inserted new entry: (None, 'Oddset', 'Milano-Sanremo: Vinder', 'Peter Sagan', '80.0', '2023/03/18 10:33:50')
2023/03/18 10:33:50 - Inserted new entry: (None, 'Oddset', 'Milano-Sanremo: Vinder', 'Anthony Turgis', '80.0', '2023/03/18 10:33:50')
2023/03/18 10:33:50 - Inserted new entry: (None, 'Oddset', 'Milano-Sanremo: Vinder', 'Jasper Stuyven', '80.0', '2023/03/18 10:33:50')
2023/03/18 10:33:50 - Inserted new entry: (None, 'Oddset', 'Milano-Sanremo: Vinder', 'Arnaud De Lie', '25.0', '2023/03/18 10:33:50')
2023/03/18 10:33:50 - Inserted new entry: (None, 'Oddset', 'Milano-Sanremo: Vinder', 'Jasper Philipsen', '22.0', '2023/03/18 10:33:50')
2023/03/18 10:33:50 - Inserted new entry: (None, 'Oddset', 'Milano-Sanremo: Vinder', 'Magnus Cort Nielsen', '25.0', '2023/03/18 10:33:50')
2023/03/18 10:33:50 - Inserted new entry: (None, 'Oddset', 'Milano-Sanremo: Vinder', 'Sam Bennett', '100.0', '2023/03/18 10:33:50')
2023/03/18 10:33:50 - Inserted new entry: (None, 'Oddset', 'Milano-Sanremo: Vinder', 'Giacomo Nizzolo', '100.0', '2023/03/18 10:33:50')
2023/03/18 10:33:51 - Inserted new entry: (None, 'Oddset', 'Milano-Sanremo: Vinder', 'Fillippo Ganna', '40.0', '2023/03/18 10:33:50')
2023/03/18 10:33:51 - Inserted new entry: (None, 'Oddset', 'Milano-Sanremo: Vinder', 'Arnaud Demare', '100.0', '2023/03/18 10:33:50')
2023/03/18 10:33:51 - Inserted new entry: (None, 'Oddset', 'Milano-Sanremo: Vinder', 'Fernando Gaviria', '70.0', '2023/03/18 10:33:50')
2023/03/18 10:33:51 - Inserted new entry: (None, 'Oddset', 'Milano-Sanremo: Vinder', 'Alex Aranburu', '100.0', '2023/03/18 10:33:50')
2023/03/18 10:33:51 - Inserted new entry: (None, 'Oddset', 'Milano-Sanremo: Vinder', 'Matteo Trentin', '150.0', '2023/03/18 10:33:50')
2023/03/18 10:33:51 - Inserted new entry: (None, 'Oddset', 'Milano-Sanremo: Vinder', 'Davide Ballerini', '100.0', '2023/03/18 10:33:50')
2023/03/18 10:33:51 - Inserted new entry: (None, 'Oddset', 'Milano-Sanremo: Vinder', 'Jan Tratnik', '100.0', '2023/03/18 10:33:50')
2023/03/18 10:33:51 - Inserted new entry: (None, 'Oddset', 'Milano-Sanremo: Vinder', 'Ivan Garcia Cortina', '250.0', '2023/03/18 10:33:50')
2023/03/18 10:33:51 - Inserted new entry: (None, 'Oddset', 'Milano-Sanremo: Vinder', 'Alessandro Covi', '250.0', '2023/03/18 10:33:50')
2023/03/18 10:33:51 - Inserted new entry: (None, 'Oddset', 'Milano-Sanremo: Vinder', 'Michal Kwiatkowski', '40.0', '2023/03/18 10:33:50')
2023/03/18 10:33:51 - Inserted new entry: (None, 'Oddset', 'Milano-Sanremo: Vinder', 'Alberto Bettiol', '125.0', '2023/03/18 10:33:50')
2023/03/18 10:33:51 - Inserted new entry: (None, 'Oddset', 'Milano-Sanremo: Vinder', 'Mikkel Honore', '150.0', '2023/03/18 10:33:50')
2023/03/18 10:33:51 - Inserted new entry: (None, 'Oddset', 'Milano-Sanremo: Vinder', 'Jonathan Milan', '70.0', '2023/03/18 10:33:50')
2023/03/18 10:33:51 - Inserted new entry: (None, 'Oddset', 'Milano-Sanremo: Vinder', 'Corbin Strong', '300.0', '2023/03/18 10:33:50')
2023/03/18 10:33:51 - Inserted new entry: (None, 'Oddset', 'Milano-Sanremo: Vinder', 'Tim Merlier', '100.0', '2023/03/18 10:33:50')
2023/03/18 10:33:51 - Inserted new entry: (None, 'Oddset', 'Milano-Sanremo: Vinder', 'Pascal Ackermann', '200.0', '2023/03/18 10:33:50')
2023/03/18 10:33:51 - Inserted new entry: (None, 'Oddset', 'Milano-Sanremo: Vinder', 'Alberto Dainese', '100.0', '2023/03/18 10:33:50')
2023/03/18 10:33:51 - Inserted new entry: (None, 'Oddset', 'Milano-Sanremo: Vinder', 'Mike Teunissen', '300.0', '2023/03/18 10:33:50')
2023/03/18 10:33:51 - Inserted new entry: (None, 'Oddset', 'Milano-Sanremo: Vinder', 'Bryan Coquard', '125.0', '2023/03/18 10:33:50')
2023/03/18 10:33:51 - Inserted new entry: (None, 'Oddset', 'Milano-Sanremo: Vinder', 'Quinten Hermans', '200.0', '2023/03/18 10:33:50')
2023/03/18 10:33:51 - Inserted new entry: (None, 'Oddset', 'Milano-Sanremo: Vinder', 'Pello Bilbao', '125.0', '2023/03/18 10:33:50')
2023/03/18 10:33:51 - Inserted new entry: (None, 'Oddset', 'Milano-Sanremo: Vinder', 'Joao Almeida', '500.0', '2023/03/18 10:33:50')
2023/03/18 10:33:51 - Inserted new entry: (None, 'Oddset', 'Milano-Sanremo: Vinder', 'Mark Cavendish', '300.0', '2023/03/18 10:33:50')
2023/03/18 10:33:51 - Inserted new entry: (None, 'Oddset', 'Milano-Sanremo: Vinder', 'Tiesj Benoot', '125.0', '2023/03/18 10:33:50')
2023/03/18 10:33:51 - Inserted new entry: (None, 'Oddset', 'Milano-Sanremo: Vinder', 'Florian Senechal', '300.0', '2023/03/18 10:33:50')
2023/03/18 10:33:52 - Inserted new entry: (None, 'Oddset', 'Milano-Sanremo: Vinder', 'Sergio Higuita', '150.0', '2023/03/18 10:33:50')
2023/03/18 10:33:52 - Inserted new entry: (None, 'Oddset', 'Milano-Sanremo: Vinder', 'Andrea Bagioli', '150.0', '2023/03/18 10:33:50')
2023/03/18 10:33:52 - Inserted new entry: (None, 'Oddset', 'Milano-Sanremo: Vinder', 'Kaden Groves', '250.0', '2023/03/18 10:33:50')
2023/03/18 10:33:52 - Inserted new entry: (None, 'Oddset', 'Milano-Sanremo: Vinder', 'Casper Pedersen', '250.0', '2023/03/18 10:33:50')
2023/03/18 10:33:52 - Inserted new entry: (None, 'Oddset', 'Milano-Sanremo: Vinder', 'Kasper Asgreen', '250.0', '2023/03/18 10:33:50')
2023/03/18 10:33:52 - Inserted new entry: (None, 'Oddset', 'Milano-Sanremo: Vinder', 'Magnus Sheffield', '100.0', '2023/03/18 10:33:50')
2023/03/18 10:33:52 - Inserted new entry: (None, 'Oddset', 'Milano-Sanremo: Vinder', 'Phil Bauhaus', '200.0', '2023/03/18 10:33:50')
2023/03/18 10:33:52 - Inserted new entry: (None, 'Oddset', 'Milano-Sanremo: Vinder', 'Omar Fraile', '200.0', '2023/03/18 10:33:50')
2023/03/18 10:33:52 - Inserted new entry: (None, 'Oddset', 'Milano-Sanremo: Vinder', 'Andreas Kron', '250.0', '2023/03/18 10:33:50')
2023/03/18 10:33:52 - Inserted new entry: (None, 'Oddset', 'Milano-Sanremo: Vinder', 'Dylan Groenewegen', '250.0', '2023/03/18 10:33:50')
2023/03/18 10:33:52 - Inserted new entry: (None, 'Oddset', 'Milano-Sanremo: Vinder', 'Alexander Kamp', '600.0', '2023/03/18 10:33:50')
2023/03/18 10:33:52 - Inserted new entry: (None, 'Oddset', 'Milano-Sanremo: Vinder', 'Tim Wellens', '80.0', '2023/03/18 10:33:50')
2023/03/18 10:33:52 - Inserted new entry: (None, 'Oddset', 'Milano-Sanremo: Vinder', 'Benoit Cosnefroy', '100.0', '2023/03/18 10:33:50')
2023/03/18 10:33:52 - Inserted new entry: (None, 'Oddset', 'Milano-Sanremo: Vinder', 'Andrea Vendrame', '150.0', '2023/03/18 10:33:50')
2023/03/18 10:33:52 - Inserted new entry: (None, 'Oddset', 'Milano-Sanremo: Vinder', 'Fred Wright', '100.0', '2023/03/18 10:33:50')
2023/03/18 10:33:52 - Inserted new entry: (None, 'Oddset', 'Milano-Sanremo: Vinder', 'Jake Stewart', '150.0', '2023/03/18 10:33:50')
2023/03/18 10:33:52 - Inserted new entry: (None, 'Oddset', 'Milano-Sanremo: Vinder', 'Luka Mezgec', '150.0', '2023/03/18 10:33:50')
2023/03/18 10:33:52 - Inserted new entry: (None, 'Oddset', 'Milano-Sanremo: Vinder', 'Jhonathan Narvaez', '150.0', '2023/03/18 10:33:50')
2023/03/18 10:33:52 - Inserted new entry: (None, 'Oddset', 'Milano-Sanremo: Vinder', 'Rui Costa', '300.0', '2023/03/18 10:33:50')
2023/03/18 10:33:52 - Inserted new entry: (None, 'Oddset', 'Milano-Sanremo: Vinder', 'Mads Wurtz Schmidt', '400.0', '2023/03/18 10:33:50')
2023/03/18 10:33:52 - Inserted new entry: (None, 'Oddset', 'Milano-Sanremo: Vinder', '|Neilson Powless', '70.0', '2023/03/18 10:33:50')
2023/03/18 10:34:19 - Odds changed: 0
2023/03/18 10:34:48 - Odds changed: 0
2023/03/18 10:35:48 - Odds changed: 0
2023/03/18 10:36:48 - Odds changed: 0
2023/03/18 10:37:48 - Odds changed: 0
2023/03/18 10:38:48 - Entry: (65, 'Oddset', 'Milano-Sanremo: Vinder', 'Mads Pedersen', 10.0, '2023/03/18 10:38:48')
2023/03/18 10:38:48 - Entry: (6, 'Oddset', 'Milano-Sanremo: Vinder', 'Mads Pedersen', 12.0, '2023/03/18 10:33:50')
2023/03/18 10:38:48 - Odds changed: 1
2023/03/18 10:39:49 - Odds changed: 0
2023/03/18 10:40:49 - Odds changed: 0
2023/03/18 10:41:49 - Odds changed: 0
2023/03/18 10:42:49 - Odds changed: 0
2023/03/18 10:43:49 - Odds changed: 0
2023/03/18 10:44:49 - Odds changed: 0
2023/03/18 10:45:50 - Odds changed: 0
2023/03/18 10:46:50 - Odds changed: 0
2023/03/18 10:47:50 - Odds changed: 0
2023/03/18 10:48:50 - Odds changed: 0
2023/03/18 10:49:50 - Odds changed: 0
2023/03/18 10:50:50 - Odds changed: 0
2023/03/18 10:50:58 - 266.7km to go  -  Odds changed: 0
2023/03/18 10:51:59 - 265.9km to go  -  Odds changed: 0
2023/03/18 10:53:01 - 265.2km to go  -  Odds changed: 0
2023/03/18 10:54:02 - 264.2km to go  -  Odds changed: 0
2023/03/18 10:55:03 - 263.5km to go  -  Odds changed: 0
2023/03/18 10:56:04 - 262.6km to go  -  Odds changed: 0
2023/03/18 10:57:05 - 261.9km to go  -  Odds changed: 0
2023/03/18 11:02:49 - 257.6km to go  -  Entry: (66, 'Oddset', 'Milano-Sanremo: Vinder', 'Fillippo Ganna', 35.0, '2023/03/18 11:02:43', '257.7')
2023/03/18 11:02:49 - 257.6km to go  -  Entry: (19, 'Oddset', 'Milano-Sanremo: Vinder', 'Fillippo Ganna', 40.0, '2023/03/18 10:33:50', None)
2023/03/18 11:03:03 - 257.5km to go  -  Odds changed: 1
2023/03/18 11:04:31 - 256.4km to go  -  Odds changed: 0
2023/03/18 11:05:52 - 255.4km to go  -  Odds changed: 0
2023/03/18 11:07:21 - 254.3km to go  -  Odds changed: 0
2023/03/18 11:08:41 - 253.3km to go  -  Odds changed: 0
2023/03/18 11:10:00 - 252.4km to go  -  Odds changed: 0
2023/03/18 11:11:20 - 251.2km to go  -  Odds changed: 0
2023/03/18 11:12:42 - 250.2km to go  -  Odds changed: 0
2023/03/18 11:14:02 - 249.3km to go  -  Odds changed: 0
2023/03/18 11:15:22 - 248.3km to go  -  Odds changed: 0
2023/03/18 11:16:42 - 247.3km to go  -  Odds changed: 0
2023/03/18 11:18:02 - 246.3km to go  -  Odds changed: 0
2023/03/18 11:19:28 - 245.2km to go  -  Odds changed: 0
2023/03/18 11:20:48 - 244.2km to go  -  Odds changed: 0
2023/03/18 11:22:10 - 243.2km to go  -  Odds changed: 0
2023/03/18 11:23:34 - 242.2km to go  -  Odds changed: 0
2023/03/18 11:24:53 - 241.2km to go  -  Odds changed: 0
2023/03/18 11:26:12 - 240.3km to go  -  Odds changed: 0
2023/03/18 11:27:32 - 239.3km to go  -  Odds changed: 0
2023/03/18 11:28:53 - 238.3km to go  -  Odds changed: 0
2023/03/18 11:30:13 - 237.3km to go  -  Odds changed: 0
2023/03/18 11:31:32 - 236.4km to go  -  Odds changed: 0
2023/03/18 11:32:57 - 235.3km to go  -  Odds changed: 0
2023/03/18 11:34:16 - 234.6km to go  -  Odds changed: 0
2023/03/18 11:35:38 - 233.6km to go  -  Odds changed: 0
2023/03/18 11:36:57 - 232.6km to go  -  Odds changed: 0
2023/03/18 11:38:20 - 231.6km to go  -  Odds changed: 0
2023/03/18 11:39:43 - 230.6km to go  -  Odds changed: 0
2023/03/18 11:41:05 - 230.0km to go  -  Odds changed: 0
2023/03/18 11:42:28 - 229.0km to go  -  Odds changed: 0
2023/03/18 11:43:52 - 227.9km to go  -  Odds changed: 0
2023/03/18 11:45:14 - 226.8km to go  -  Odds changed: 0
2023/03/18 11:46:33 - 225.9km to go  -  Odds changed: 0
2023/03/18 11:47:53 - 224.9km to go  -  Odds changed: 0
2023/03/18 11:49:14 - 223.9km to go  -  Odds changed: 0
2023/03/18 11:50:34 - 223.0km to go  -  Odds changed: 0
2023/03/18 11:51:54 - 222.0km to go  -  Odds changed: 0
2023/03/18 11:53:15 - 221.1km to go  -  Odds changed: 0
2023/03/18 11:54:36 - 220.1km to go  -  Odds changed: 0
2023/03/18 11:55:58 - 219.1km to go  -  Odds changed: 0
2023/03/18 11:57:20 - 218.1km to go  -  Odds changed: 0
2023/03/18 11:58:44 - 217.1km to go  -  Odds changed: 0
2023/03/18 12:00:05 - 216.1km to go  -  Odds changed: 0
2023/03/18 12:01:33 - 215.0km to go  -  Odds changed: 0
2023/03/18 12:02:57 - 214.0km to go  -  Odds changed: 0
2023/03/18 12:04:22 - 213.0km to go  -  Odds changed: 0
2023/03/18 12:05:45 - 211.9km to go  -  Odds changed: 0
2023/03/18 12:07:07 - 210.8km to go  -  Odds changed: 0
2023/03/18 12:08:33 - 209.7km to go  -  Odds changed: 0
2023/03/18 12:09:54 - 208.7km to go  -  Odds changed: 0
2023/03/18 12:11:16 - 207.7km to go  -  Odds changed: 0
2023/03/18 12:12:42 - 206.7km to go  -  Odds changed: 0
2023/03/18 12:14:08 - 205.6km to go  -  Odds changed: 0
2023/03/18 12:15:35 - 204.6km to go  -  Odds changed: 0
2023/03/18 12:16:56 - 203.7km to go  -  Odds changed: 0
2023/03/18 12:18:25 - 202.6km to go  -  Odds changed: 0
2023/03/18 12:19:49 - 201.5km to go  -  Odds changed: 0
2023/03/18 12:21:12 - 200.5km to go  -  Odds changed: 0
2023/03/18 12:22:38 - 199.5km to go  -  Odds changed: 0
2023/03/18 12:24:00 - 198.6km to go  -  Odds changed: 0
2023/03/18 12:25:22 - 197.6km to go  -  Odds changed: 0
2023/03/18 12:26:44 - 196.6km to go  -  Odds changed: 0
2023/03/18 12:28:04 - 195.5km to go  -  Odds changed: 0
2023/03/18 12:29:26 - 194.5km to go  -  Odds changed: 0
2023/03/18 12:30:49 - 193.5km to go  -  Odds changed: 0
2023/03/18 12:32:18 - 192.2km to go  -  Odds changed: 0
2023/03/18 12:33:45 - 191.2km to go  -  Odds changed: 0
2023/03/18 12:35:11 - 190.1km to go  -  Odds changed: 0
2023/03/18 12:36:35 - 188.8km to go  -  Odds changed: 0
2023/03/18 12:37:57 - 187.8km to go  -  Odds changed: 0
2023/03/18 12:39:21 - 186.6km to go  -  Odds changed: 0
2023/03/18 12:40:43 - 185.6km to go  -  Odds changed: 0
2023/03/18 12:42:04 - 184.6km to go  -  Odds changed: 0
2023/03/18 12:43:26 - 183.6km to go  -  Odds changed: 0
2023/03/18 12:44:47 - 183.0km to go  -  Odds changed: 0
2023/03/18 12:46:09 - 182.0km to go  -  Odds changed: 0
2023/03/18 12:47:30 - 181.0km to go  -  Odds changed: 0
2023/03/18 12:48:51 - 180.0km to go  -  Odds changed: 0
2023/03/18 12:50:12 - 179.0km to go  -  Odds changed: 0
2023/03/18 12:51:33 - 178.0km to go  -  Odds changed: 0
2023/03/18 12:52:59 - 177.0km to go  -  Odds changed: 0
2023/03/18 12:54:28 - 175.9km to go  -  Odds changed: 0
2023/03/18 12:55:55 - 174.8km to go  -  Odds changed: 0
2023/03/18 12:57:23 - 174.6km to go  -  Odds changed: 0
2023/03/18 12:58:49 - 173.5km to go  -  Odds changed: 0
2023/03/18 13:00:15 - 172.5km to go  -  Odds changed: 0
2023/03/18 13:01:38 - 171.5km to go  -  Odds changed: 0
2023/03/18 13:03:00 - 170.5km to go  -  Odds changed: 0
2023/03/18 13:04:27 - 170.1km to go  -  Odds changed: 0
2023/03/18 13:05:50 - 169.1km to go  -  Odds changed: 0
2023/03/18 13:07:14 - 168.0km to go  -  Odds changed: 0
2023/03/18 13:08:36 - 167.0km to go  -  Odds changed: 0
2023/03/18 13:09:57 - 166.0km to go  -  Odds changed: 0
2023/03/18 13:11:25 - 165.0km to go  -  Odds changed: 0
2023/03/18 13:12:49 - 165.2km to go  -  Odds changed: 0
2023/03/18 13:14:11 - 164.6km to go  -  Odds changed: 0
2023/03/18 13:15:34 - 163.6km to go  -  Odds changed: 0
2023/03/18 13:16:59 - 162.5km to go  -  Odds changed: 0
2023/03/18 13:18:25 - 161.9km to go  -  Odds changed: 0
2023/03/18 13:19:54 - 160.8km to go  -  Odds changed: 0
2023/03/18 13:21:20 - 159.8km to go  -  Odds changed: 0
2023/03/18 13:22:46 - 158.7km to go  -  Odds changed: 0
2023/03/18 13:24:09 - 157.7km to go  -  Odds changed: 0
2023/03/18 13:25:33 - 157.7km to go  -  Odds changed: 0
2023/03/18 13:26:58 - 156.6km to go  -  Odds changed: 0
2023/03/18 13:28:23 - 155.9km to go  -  Odds changed: 0
2023/03/18 13:29:47 - 154.9km to go  -  Odds changed: 0
2023/03/18 13:31:09 - 153.9km to go  -  Odds changed: 0
2023/03/18 13:32:30 - 152.9km to go  -  Odds changed: 0
2023/03/18 13:33:50 - 152.4km to go  -  Odds changed: 0
2023/03/18 13:35:12 - 151.7km to go  -  Odds changed: 0
2023/03/18 13:36:33 - 151.0km to go  -  Odds changed: 0
2023/03/18 13:37:57 - 150.2km to go  -  Odds changed: 0
2023/03/18 13:39:20 - 150.0km to go  -  Odds changed: 0
2023/03/18 13:40:46 - 148.8km to go  -  Odds changed: 0
2023/03/18 13:42:11 - 148.6km to go  -  Odds changed: 0
2023/03/18 13:43:39 - 147.4km to go  -  Odds changed: 0
2023/03/18 13:45:03 - 145.8km to go  -  Odds changed: 0
2023/03/18 13:46:27 - 144.5km to go  -  Odds changed: 0
2023/03/18 13:47:29 - 143.6km to go  -  Entry: (67, 'Oddset', 'Milano-Sanremo: Vinder', 'Julian Alaphilippe', 30.0, '2023/03/18 13:47:27', '143.6')
2023/03/18 13:47:30 - 143.6km to go  -  Entry: (5, 'Oddset', 'Milano-Sanremo: Vinder', 'Julian Alaphilippe', 25.0, '2023/03/18 10:33:50', None)
2023/03/18 13:47:50 - 143.3km to go  -  Odds changed: 1
2023/03/18 13:49:13 - 142.2km to go  -  Odds changed: 0
2023/03/18 13:50:35 - 141.1km to go  -  Odds changed: 0
2023/03/18 13:51:56 - 139.9km to go  -  Odds changed: 0
2023/03/18 13:53:18 - 137.9km to go  -  Odds changed: 0
2023/03/18 13:54:42 - 136.9km to go  -  Odds changed: 0
2023/03/18 13:56:08 - 136.0km to go  -  Odds changed: 0
2023/03/18 13:57:32 - 135.0km to go  -  Odds changed: 0
2023/03/18 13:58:58 - 133.5km to go  -  Odds changed: 0
2023/03/18 14:00:23 - 132.5km to go  -  Odds changed: 0
2023/03/18 14:01:45 - 131.3km to go  -  Odds changed: 0
2023/03/18 14:03:08 - 130.3km to go  -  Odds changed: 0
2023/03/18 14:04:31 - 129.3km to go  -  Odds changed: 0
2023/03/18 14:05:52 - 128.3km to go  -  Odds changed: 0
2023/03/18 14:07:16 - 127.3km to go  -  Odds changed: 0
2023/03/18 14:08:42 - 126.3km to go  -  Odds changed: 0
2023/03/18 14:10:05 - 125.3km to go  -  Odds changed: 0
2023/03/18 14:11:27 - 124.3km to go  -  Odds changed: 0
2023/03/18 14:12:49 - 123.3km to go  -  Odds changed: 0
2023/03/18 14:14:11 - 122.4km to go  -  Odds changed: 0
2023/03/18 14:15:34 - 121.7km to go  -  Odds changed: 0
2023/03/18 14:16:58 - 120.3km to go  -  Odds changed: 0
2023/03/18 14:18:23 - 119.3km to go  -  Odds changed: 0
2023/03/18 14:19:45 - 117.6km to go  -  Odds changed: 0
2023/03/18 14:21:10 - 116.6km to go  -  Odds changed: 0
2023/03/18 14:22:36 - 115.5km to go  -  Odds changed: 0
2023/03/18 14:24:03 - 114.4km to go  -  Odds changed: 0
2023/03/18 14:25:30 - 113.4km to go  -  Odds changed: 0
2023/03/18 14:26:52 - 112.4km to go  -  Odds changed: 0
2023/03/18 14:28:15 - 110.7km to go  -  Odds changed: 0
2023/03/18 14:29:38 - 109.6km to go  -  Odds changed: 0
2023/03/18 14:31:03 - 108.6km to go  -  Odds changed: 0
2023/03/18 14:32:26 - 107.3km to go  -  Odds changed: 0
2023/03/18 14:33:49 - 106.2km to go  -  Odds changed: 0
2023/03/18 14:35:12 - 105.2km to go  -  Odds changed: 0
2023/03/18 14:36:35 - 104.2km to go  -  Odds changed: 0
2023/03/18 14:37:57 - 103.3km to go  -  Odds changed: 0
2023/03/18 14:39:20 - 102.9km to go  -  Odds changed: 0
2023/03/18 14:40:42 - 100.6km to go  -  Odds changed: 0
2023/03/18 14:42:07 - 99.6km to go  -  Odds changed: 0
2023/03/18 14:43:29 - 98.6km to go  -  Odds changed: 0
2023/03/18 14:44:54 - 97.6km to go  -  Odds changed: 0
2023/03/18 14:46:16 - 96.3km to go  -  Odds changed: 0
2023/03/18 14:47:39 - 95.1km to go  -  Odds changed: 0
2023/03/18 14:49:02 - 94.1km to go  -  Odds changed: 0
2023/03/18 14:50:26 - 92.7km to go  -  Odds changed: 0
2023/03/18 14:51:52 - 91.5km to go  -  Odds changed: 0
2023/03/18 14:53:15 - 90.5km to go  -  Odds changed: 0
2023/03/18 14:54:38 - 89.3km to go  -  Odds changed: 0
2023/03/18 14:56:02 - 88.1km to go  -  Odds changed: 0
2023/03/18 14:57:30 - 86.8km to go  -  Odds changed: 0
2023/03/18 14:58:52 - 85.5km to go  -  Odds changed: 0
2023/03/18 15:00:15 - 84.3km to go  -  Odds changed: 0
2023/03/18 15:01:39 - 83.1km to go  -  Odds changed: 0
2023/03/18 15:03:03 - 81.9km to go  -  Odds changed: 0
2023/03/18 15:04:18 - 80.7km to go  -  Entry: (68, 'Oddset', 'Milano-Sanremo: Vinder', 'Mark Cavendish', 200.0, '2023/03/18 15:04:03', '80.7')
2023/03/18 15:04:19 - 80.7km to go  -  Entry: (41, 'Oddset', 'Milano-Sanremo: Vinder', 'Mark Cavendish', 300.0, '2023/03/18 10:33:50', None)
2023/03/18 15:04:28 - 80.5km to go  -  Odds changed: 1
2023/03/18 15:05:59 - 78.9km to go  -  Odds changed: 0
2023/03/18 15:07:23 - 77.8km to go  -  Odds changed: 0
2023/03/18 15:08:46 - 76.7km to go  -  Odds changed: 0
2023/03/18 15:10:10 - 75.6km to go  -  Odds changed: 0
2023/03/18 15:11:37 - 74.5km to go  -  Odds changed: 0
2023/03/18 15:12:59 - 72.9km to go  -  Odds changed: 0
2023/03/18 15:14:25 - 71.8km to go  -  Odds changed: 0
2023/03/18 15:15:46 - 70.4km to go  -  Odds changed: 0
2023/03/18 15:17:08 - 69.3km to go  -  Odds changed: 0
2023/03/18 15:18:32 - 68.3km to go  -  Odds changed: 0
2023/03/18 15:19:56 - 66.5km to go  -  Odds changed: 0
2023/03/18 15:21:24 - 65.3km to go  -  Odds changed: 0
2023/03/18 15:22:47 - 64.3km to go  -  Odds changed: 0
2023/03/18 15:24:10 - 63.2km to go  -  Odds changed: 0
2023/03/18 15:25:35 - 62.1km to go  -  Odds changed: 0
2023/03/18 15:27:01 - 60.8km to go  -  Odds changed: 0
2023/03/18 15:28:03 - 60.0km to go  -  Entry: (69, 'Oddset', 'Milano-Sanremo: Vinder', 'Mads Pedersen', 9.0, '2023/03/18 15:28:01', '60.0')
2023/03/18 15:28:04 - 60.0km to go  -  Entry: (65, 'Oddset', 'Milano-Sanremo: Vinder', 'Mads Pedersen', 10.0, '2023/03/18 10:38:48', None)
2023/03/18 15:28:09 - 59.9km to go  -  Entry: (70, 'Oddset', 'Milano-Sanremo: Vinder', 'Fernando Gaviria', 60.0, '2023/03/18 15:28:01', '59.9')
2023/03/18 15:28:10 - 59.9km to go  -  Entry: (21, 'Oddset', 'Milano-Sanremo: Vinder', 'Fernando Gaviria', 70.0, '2023/03/18 10:33:50', None)
2023/03/18 15:28:10 - 59.9km to go  -  Entry: (71, 'Oddset', 'Milano-Sanremo: Vinder', 'Alex Aranburu', 50.0, '2023/03/18 15:28:01', '59.9')
2023/03/18 15:28:11 - 59.9km to go  -  Entry: (22, 'Oddset', 'Milano-Sanremo: Vinder', 'Alex Aranburu', 100.0, '2023/03/18 10:33:50', None)
2023/03/18 15:28:25 - 59.7km to go  -  Odds changed: 3
2023/03/18 15:29:33 - 58.8km to go  -  Entry: (72, 'Oddset', 'Milano-Sanremo: Vinder', 'Arnaud Demare', 80.0, '2023/03/18 15:29:25', '58.8')
2023/03/18 15:29:34 - 58.8km to go  -  Entry: (20, 'Oddset', 'Milano-Sanremo: Vinder', 'Arnaud Demare', 100.0, '2023/03/18 10:33:50', None)
2023/03/18 15:29:49 - 58.4km to go  -  Odds changed: 1
2023/03/18 15:31:11 - 57.2km to go  -  Odds changed: 0
2023/03/18 15:32:38 - 55.7km to go  -  Odds changed: 0
2023/03/18 15:34:04 - 54.6km to go  -  Odds changed: 0
2023/03/18 15:35:35 - 53.1km to go  -  Odds changed: 0
2023/03/18 15:36:54 - 52.1km to go  -  Odds changed: 0
2023/03/18 15:38:15 - 51.7km to go  -  Odds changed: 0
2023/03/18 15:39:35 - 50.4km to go  -  Odds changed: 0
2023/03/18 15:40:56 - 48.8km to go  -  Odds changed: 0
2023/03/18 15:42:17 - 47.8km to go  -  Odds changed: 0
2023/03/18 15:43:36 - 47.0km to go  -  Odds changed: 0
2023/03/18 15:44:57 - 46.0km to go  -  Odds changed: 0
2023/03/18 15:46:24 - 44.5km to go  -  Odds changed: 0
2023/03/18 15:47:44 - 43.3km to go  -  Odds changed: 0
2023/03/18 15:49:05 - 42.3km to go  -  Odds changed: 0
2023/03/18 15:50:28 - 41.0km to go  -  Odds changed: 0
2023/03/18 15:51:53 - 40.2km to go  -  Odds changed: 0
2023/03/18 15:52:56 - 39.4km to go  -  Entry: (73, 'Oddset', 'Milano-Sanremo: Vinder', 'Julian Alaphilippe', 25.0, '2023/03/18 15:52:53', '39.4')
2023/03/18 15:52:56 - 39.3km to go  -  Entry: (67, 'Oddset', 'Milano-Sanremo: Vinder', 'Julian Alaphilippe', 30.0, '2023/03/18 13:47:27', '143.6')
2023/03/18 15:53:16 - 39.3km to go  -  Odds changed: 1
2023/03/18 15:54:39 - 38.4km to go  -  Odds changed: 0
2023/03/18 15:56:05 - 37.6km to go  -  Odds changed: 0
2023/03/18 15:57:08 - 36.5km to go  -  Entry: (74, 'Oddset', 'Milano-Sanremo: Vinder', 'Mads Pedersen', 8.0, '2023/03/18 15:57:06', '36.5')
2023/03/18 15:57:08 - 36.5km to go  -  Entry: (69, 'Oddset', 'Milano-Sanremo: Vinder', 'Mads Pedersen', 9.0, '2023/03/18 15:28:01', '60.0')
2023/03/18 15:57:12 - 36.5km to go  -  Entry: (75, 'Oddset', 'Milano-Sanremo: Vinder', 'Magnus Cort Nielsen', 22.0, '2023/03/18 15:57:06', '36.5')
2023/03/18 15:57:12 - 36.5km to go  -  Entry: (16, 'Oddset', 'Milano-Sanremo: Vinder', 'Magnus Cort Nielsen', 25.0, '2023/03/18 10:33:50', None)
2023/03/18 15:57:26 - 36.3km to go  -  Odds changed: 2
2023/03/18 15:58:30 - 35.2km to go  -  Entry: (76, 'Oddset', 'Milano-Sanremo: Vinder', 'Christophe Laporte', 45.0, '2023/03/18 15:58:26', '35.2')
2023/03/18 15:58:30 - 35.1km to go  -  Entry: (9, 'Oddset', 'Milano-Sanremo: Vinder', 'Christophe Laporte', 35.0, '2023/03/18 10:33:50', None)
2023/03/18 15:58:46 - 34.9km to go  -  Odds changed: 1
2023/03/18 16:00:07 - 33.9km to go  -  Entry: (77, 'Oddset', 'Milano-Sanremo: Vinder', '|Neilson Powless', 100.0, '2023/03/18 15:59:47', '33.9')
2023/03/18 16:00:08 - 33.9km to go  -  Entry: (64, 'Oddset', 'Milano-Sanremo: Vinder', '|Neilson Powless', 70.0, '2023/03/18 10:33:50', None)
2023/03/18 16:00:08 - 33.9km to go  -  Odds changed: 1
2023/03/18 16:01:30 - 32.8km to go  -  Odds changed: 0
2023/03/18 16:02:52 - 31.8km to go  -  Odds changed: 0
2023/03/18 16:03:54 - 30.9km to go  -  Odds changed: 0
2023/03/18 16:04:33 - 30.3km to go  -  Odds changed: 0
2023/03/18 16:05:13 - 29.8km to go  -  Odds changed: 0
2023/03/18 16:05:52 - 29.2km to go  -  Odds changed: 0
2023/03/18 16:06:33 - 28.5km to go  -  Odds changed: 0
2023/03/18 16:07:16 - 27.8km to go  -  Odds changed: 0
2023/03/18 16:08:04 - 27.0km to go  -  Odds changed: 0
2023/03/18 16:09:00 - 26.5km to go  -  Odds changed: 0
2023/03/18 16:09:32 - 26.3km to go  -  Entry: (78, 'Oddset', 'Milano-Sanremo: Vinder', 'Caleb Ewan', 11.0, '2023/03/18 16:09:31', '26.3')
2023/03/18 16:09:32 - 26.3km to go  -  Entry: (3, 'Oddset', 'Milano-Sanremo: Vinder', 'Caleb Ewan', 15.0, '2023/03/18 10:33:50', None)
2023/03/18 16:09:44 - 26.2km to go  -  Entry: (79, 'Oddset', 'Milano-Sanremo: Vinder', 'Kasper Asgreen', 80.0, '2023/03/18 16:09:31', '26.2')
2023/03/18 16:09:44 - 26.1km to go  -  Entry: (48, 'Oddset', 'Milano-Sanremo: Vinder', 'Kasper Asgreen', 250.0, '2023/03/18 10:33:50', None)
2023/03/18 16:09:49 - 26.1km to go  -  Odds changed: 2
2023/03/18 16:10:36 - 25.6km to go  -  Odds changed: 0
2023/03/18 16:11:26 - 25.2km to go  -  Odds changed: 0
2023/03/18 16:12:13 - 24.7km to go  -  Odds changed: 0
2023/03/18 16:13:00 - 24.2km to go  -  Odds changed: 0
2023/03/18 16:13:49 - 23.8km to go  -  Odds changed: 0
2023/03/18 16:14:37 - 23.5km to go  -  Odds changed: 0
2023/03/18 16:15:24 - 23.0km to go  -  Odds changed: 0
2023/03/18 16:16:14 - 22.7km to go  -  Odds changed: 0
2023/03/18 16:17:00 - 22.2km to go  -  Odds changed: 0
2023/03/18 16:17:31 - 21.7km to go  -  Entry: (80, 'Oddset', 'Milano-Sanremo: Vinder', 'Caleb Ewan', 10.0, '2023/03/18 16:17:30', '21.7')
2023/03/18 16:17:31 - 21.7km to go  -  Entry: (78, 'Oddset', 'Milano-Sanremo: Vinder', 'Caleb Ewan', 11.0, '2023/03/18 16:09:31', '26.3')
2023/03/18 16:17:38 - 21.6km to go  -  Entry: (81, 'Oddset', 'Milano-Sanremo: Vinder', 'Jasper Philipsen', 200.0, '2023/03/18 16:17:30', '21.6')
2023/03/18 16:17:38 - 21.6km to go  -  Entry: (15, 'Oddset', 'Milano-Sanremo: Vinder', 'Jasper Philipsen', 22.0, '2023/03/18 10:33:50', None)
2023/03/18 16:17:40 - 21.6km to go  -  Entry: (82, 'Oddset', 'Milano-Sanremo: Vinder', 'Fernando Gaviria', 70.0, '2023/03/18 16:17:30', '21.6')
2023/03/18 16:17:40 - 21.6km to go  -  Entry: (70, 'Oddset', 'Milano-Sanremo: Vinder', 'Fernando Gaviria', 60.0, '2023/03/18 15:28:01', '59.9')
2023/03/18 16:17:41 - 21.6km to go  -  Entry: (83, 'Oddset', 'Milano-Sanremo: Vinder', 'Alex Aranburu', 80.0, '2023/03/18 16:17:30', '21.6')
2023/03/18 16:17:41 - 21.6km to go  -  Entry: (71, 'Oddset', 'Milano-Sanremo: Vinder', 'Alex Aranburu', 50.0, '2023/03/18 15:28:01', '59.9')
2023/03/18 16:17:42 - 21.5km to go  -  Entry: (84, 'Oddset', 'Milano-Sanremo: Vinder', 'Michal Kwiatkowski', 50.0, '2023/03/18 16:17:30', '21.5')
2023/03/18 16:17:43 - 21.5km to go  -  Entry: (28, 'Oddset', 'Milano-Sanremo: Vinder', 'Michal Kwiatkowski', 40.0, '2023/03/18 10:33:50', None)
2023/03/18 16:17:52 - 21.4km to go  -  Odds changed: 5
2023/03/18 16:18:37 - 20.6km to go  -  Entry: (85, 'Oddset', 'Milano-Sanremo: Vinder', 'Tim Wellens', 125.0, '2023/03/18 16:18:22', '20.6')
2023/03/18 16:18:37 - 20.6km to go  -  Entry: (55, 'Oddset', 'Milano-Sanremo: Vinder', 'Tim Wellens', 80.0, '2023/03/18 10:33:50', None)
2023/03/18 16:18:40 - 20.6km to go  -  Odds changed: 1
2023/03/18 16:19:12 - 20.1km to go  -  Entry: (86, 'Oddset', 'Milano-Sanremo: Vinder', 'Matej Mohoric', 13.0, '2023/03/18 16:19:11', '20.1')
2023/03/18 16:19:13 - 20.1km to go  -  Entry: (2, 'Oddset', 'Milano-Sanremo: Vinder', 'Matej Mohoric', 15.0, '2023/03/18 10:33:50', None)
2023/03/18 16:19:13 - 20.1km to go  -  Entry: (87, 'Oddset', 'Milano-Sanremo: Vinder', 'Caleb Ewan', 9.0, '2023/03/18 16:19:11', '20.1')
2023/03/18 16:19:13 - 20.1km to go  -  Entry: (80, 'Oddset', 'Milano-Sanremo: Vinder', 'Caleb Ewan', 10.0, '2023/03/18 16:17:30', '21.7')
2023/03/18 16:19:14 - 20.1km to go  -  Entry: (88, 'Oddset', 'Milano-Sanremo: Vinder', 'Mathieu van der Poel', 13.0, '2023/03/18 16:19:11', '20.1')
2023/03/18 16:19:15 - 20.0km to go  -  Entry: (4, 'Oddset', 'Milano-Sanremo: Vinder', 'Mathieu van der Poel', 15.0, '2023/03/18 10:33:50', None)
2023/03/18 16:19:31 - 19.7km to go  -  Odds changed: 3
2023/03/18 16:20:19 - 18.7km to go  -  Odds changed: 0
2023/03/18 16:20:52 - 18.2km to go  -  Entry: (89, 'Oddset', 'Milano-Sanremo: Vinder', 'Biniam Girmay', 25.0, '2023/03/18 16:20:49', '18.3')
2023/03/18 16:20:52 - 18.2km to go  -  Entry: (8, 'Oddset', 'Milano-Sanremo: Vinder', 'Biniam Girmay', 22.0, '2023/03/18 10:33:50', None)
2023/03/18 16:20:54 - 18.2km to go  -  Entry: (90, 'Oddset', 'Milano-Sanremo: Vinder', 'Jasper Philipsen', 20.0, '2023/03/18 16:20:49', '18.2')
2023/03/18 16:20:55 - 18.2km to go  -  Entry: (81, 'Oddset', 'Milano-Sanremo: Vinder', 'Jasper Philipsen', 200.0, '2023/03/18 16:17:30', '21.6')
2023/03/18 16:20:55 - 18.2km to go  -  Entry: (91, 'Oddset', 'Milano-Sanremo: Vinder', 'Magnus Cort Nielsen', 18.0, '2023/03/18 16:20:49', '18.2')
2023/03/18 16:20:55 - 18.2km to go  -  Entry: (75, 'Oddset', 'Milano-Sanremo: Vinder', 'Magnus Cort Nielsen', 22.0, '2023/03/18 15:57:06', '36.5')
2023/03/18 16:20:59 - 18.2km to go  -  Entry: (92, 'Oddset', 'Milano-Sanremo: Vinder', 'Michal Kwiatkowski', 60.0, '2023/03/18 16:20:49', '18.2')
2023/03/18 16:20:59 - 18.1km to go  -  Entry: (84, 'Oddset', 'Milano-Sanremo: Vinder', 'Michal Kwiatkowski', 50.0, '2023/03/18 16:17:30', '21.5')
2023/03/18 16:21:09 - 18.0km to go  -  Odds changed: 4
2023/03/18 16:21:40 - 17.6km to go  -  Entry: (93, 'Oddset', 'Milano-Sanremo: Vinder', 'Matej Mohoric', 15.0, '2023/03/18 16:21:39', '17.6')
2023/03/18 16:21:40 - 17.6km to go  -  Entry: (86, 'Oddset', 'Milano-Sanremo: Vinder', 'Matej Mohoric', 13.0, '2023/03/18 16:19:11', '20.1')
2023/03/18 16:21:41 - 17.6km to go  -  Entry: (94, 'Oddset', 'Milano-Sanremo: Vinder', 'Mathieu van der Poel', 15.0, '2023/03/18 16:21:39', '17.6')
2023/03/18 16:21:41 - 17.6km to go  -  Entry: (88, 'Oddset', 'Milano-Sanremo: Vinder', 'Mathieu van der Poel', 13.0, '2023/03/18 16:19:11', '20.1')
2023/03/18 16:21:46 - 17.5km to go  -  Entry: (95, 'Oddset', 'Milano-Sanremo: Vinder', 'Davide Ballerini', 125.0, '2023/03/18 16:21:39', '17.5')
2023/03/18 16:21:47 - 17.5km to go  -  Entry: (24, 'Oddset', 'Milano-Sanremo: Vinder', 'Davide Ballerini', 100.0, '2023/03/18 10:33:50', None)
2023/03/18 16:21:56 - 17.4km to go  -  Odds changed: 3
2023/03/18 16:22:31 - 17.0km to go  -  Entry: (96, 'Oddset', 'Milano-Sanremo: Vinder', 'Jasper Philipsen', 18.0, '2023/03/18 16:22:26', '17.0')
2023/03/18 16:22:31 - 17.0km to go  -  Entry: (90, 'Oddset', 'Milano-Sanremo: Vinder', 'Jasper Philipsen', 20.0, '2023/03/18 16:20:49', '18.2')
2023/03/18 16:22:46 - 16.5km to go  -  Odds changed: 1
2023/03/18 16:23:33 - 15.8km to go  -  Inserted new entry: (None, 'Oddset', 'Milano-Sanremo: Vinder', 'Nils Politt', '30.0', '2023/03/18 16:23:16', '15.8')
2023/03/18 16:23:34 - 15.8km to go  -  Odds changed: 0
2023/03/18 16:24:07 - 15.4km to go  -  Entry: (98, 'Oddset', 'Milano-Sanremo: Vinder', 'Tadej Pogacar', 6.0, '2023/03/18 16:24:04', '15.4')
2023/03/18 16:24:08 - 15.4km to go  -  Entry: (10, 'Oddset', 'Milano-Sanremo: Vinder', 'Tadej Pogacar', 5.5, '2023/03/18 10:33:50', None)
2023/03/18 16:24:10 - 15.4km to go  -  Entry: (99, 'Oddset', 'Milano-Sanremo: Vinder', 'Jasper Philipsen', 15.0, '2023/03/18 16:24:04', '15.4')
2023/03/18 16:24:10 - 15.4km to go  -  Entry: (96, 'Oddset', 'Milano-Sanremo: Vinder', 'Jasper Philipsen', 18.0, '2023/03/18 16:22:26', '17.0')
2023/03/18 16:24:11 - 15.4km to go  -  Entry: (100, 'Oddset', 'Milano-Sanremo: Vinder', 'Arnaud Demare', 50.0, '2023/03/18 16:24:04', '15.4')
2023/03/18 16:24:12 - 15.4km to go  -  Entry: (72, 'Oddset', 'Milano-Sanremo: Vinder', 'Arnaud Demare', 80.0, '2023/03/18 15:29:25', '58.8')
2023/03/18 16:24:12 - 15.4km to go  -  Entry: (101, 'Oddset', 'Milano-Sanremo: Vinder', 'Fernando Gaviria', 50.0, '2023/03/18 16:24:04', '15.4')
2023/03/18 16:24:13 - 15.4km to go  -  Entry: (82, 'Oddset', 'Milano-Sanremo: Vinder', 'Fernando Gaviria', 70.0, '2023/03/18 16:17:30', '21.6')
2023/03/18 16:24:24 - 15.2km to go  -  Odds changed: 4
2023/03/18 16:25:02 - 14.8km to go  -  Entry: (102, 'Oddset', 'Milano-Sanremo: Vinder', 'Michal Kwiatkowski', 80.0, '2023/03/18 16:24:55', '14.8')
2023/03/18 16:25:02 - 14.8km to go  -  Entry: (92, 'Oddset', 'Milano-Sanremo: Vinder', 'Michal Kwiatkowski', 60.0, '2023/03/18 16:20:49', '18.2')
2023/03/18 16:25:11 - 14.3km to go  -  Entry: (103, 'Oddset', 'Milano-Sanremo: Vinder', 'Nils Politt', 50.0, '2023/03/18 16:24:55', '14.3')
2023/03/18 16:25:11 - 14.2km to go  -  Entry: (97, 'Oddset', 'Milano-Sanremo: Vinder', 'Nils Politt', 30.0, '2023/03/18 16:23:16', '15.8')
2023/03/18 16:25:11 - 14.2km to go  -  Odds changed: 2
2023/03/18 16:25:48 - 13.7km to go  -  Entry: (104, 'Oddset', 'Milano-Sanremo: Vinder', 'Davide Ballerini', 100.0, '2023/03/18 16:25:42', '13.7')
2023/03/18 16:25:48 - 13.7km to go  -  Entry: (95, 'Oddset', 'Milano-Sanremo: Vinder', 'Davide Ballerini', 125.0, '2023/03/18 16:21:39', '17.5')
2023/03/18 16:25:57 - 13.6km to go  -  Odds changed: 1
2023/03/18 16:26:45 - 12.7km to go  -  Odds changed: 0
2023/03/18 16:27:18 - 12.2km to go  -  Entry: (105, 'Oddset', 'Milano-Sanremo: Vinder', 'Peter Sagan', 50.0, '2023/03/18 16:27:15', '12.2')
2023/03/18 16:27:18 - 12.2km to go  -  Entry: (11, 'Oddset', 'Milano-Sanremo: Vinder', 'Peter Sagan', 80.0, '2023/03/18 10:33:50', None)
2023/03/18 16:27:21 - 12.1km to go  -  Entry: (106, 'Oddset', 'Milano-Sanremo: Vinder', 'Arnaud Demare', 45.0, '2023/03/18 16:27:15', '12.1')
2023/03/18 16:27:21 - 12.1km to go  -  Entry: (100, 'Oddset', 'Milano-Sanremo: Vinder', 'Arnaud Demare', 50.0, '2023/03/18 16:24:04', '15.4')
2023/03/18 16:27:22 - 12.1km to go  -  Entry: (107, 'Oddset', 'Milano-Sanremo: Vinder', 'Fernando Gaviria', 40.0, '2023/03/18 16:27:15', '12.1')
2023/03/18 16:27:22 - 12.1km to go  -  Entry: (101, 'Oddset', 'Milano-Sanremo: Vinder', 'Fernando Gaviria', 50.0, '2023/03/18 16:24:04', '15.4')
2023/03/18 16:27:26 - 12.1km to go  -  Entry: (108, 'Oddset', 'Milano-Sanremo: Vinder', 'Bryan Coquard', 100.0, '2023/03/18 16:27:15', '12.1')
2023/03/18 16:27:26 - 12.1km to go  -  Entry: (37, 'Oddset', 'Milano-Sanremo: Vinder', 'Bryan Coquard', 125.0, '2023/03/18 10:33:50', None)
2023/03/18 16:27:33 - 12.0km to go  -  Odds changed: 4
2023/03/18 16:28:06 - 11.6km to go  -  Entry: (109, 'Oddset', 'Milano-Sanremo: Vinder', 'Søren Kragh Andersen', 25.0, '2023/03/18 16:28:03', '11.6')
2023/03/18 16:28:06 - 11.6km to go  -  Entry: (7, 'Oddset', 'Milano-Sanremo: Vinder', 'Søren Kragh Andersen', 22.0, '2023/03/18 10:33:50', None)
2023/03/18 16:28:09 - 11.5km to go  -  Entry: (110, 'Oddset', 'Milano-Sanremo: Vinder', 'Fillippo Ganna', 40.0, '2023/03/18 16:28:03', '11.5')
2023/03/18 16:28:10 - 11.5km to go  -  Entry: (66, 'Oddset', 'Milano-Sanremo: Vinder', 'Fillippo Ganna', 35.0, '2023/03/18 11:02:43', '257.7')
2023/03/18 16:28:21 - 11.4km to go  -  Odds changed: 2
2023/03/18 16:28:56 - 10.8km to go  -  Entry: (111, 'Oddset', 'Milano-Sanremo: Vinder', 'Fernando Gaviria', 70.0, '2023/03/18 16:28:51', '10.8')
2023/03/18 16:28:57 - 10.8km to go  -  Entry: (107, 'Oddset', 'Milano-Sanremo: Vinder', 'Fernando Gaviria', 40.0, '2023/03/18 16:27:15', '12.1')
2023/03/18 16:29:08 - 10.7km to go  -  Odds changed: 1
2023/03/18 16:29:41 - 10.0km to go  -  Entry: (112, 'Oddset', 'Milano-Sanremo: Vinder', 'Peter Sagan', 30.0, '2023/03/18 16:29:38', '10.0')
2023/03/18 16:29:41 - 10.0km to go  -  Entry: (105, 'Oddset', 'Milano-Sanremo: Vinder', 'Peter Sagan', 50.0, '2023/03/18 16:27:15', '12.2')
2023/03/18 16:29:47 - 10.0km to go  -  Entry: (113, 'Oddset', 'Milano-Sanremo: Vinder', 'Bryan Coquard', 60.0, '2023/03/18 16:29:38', '10.0')
2023/03/18 16:29:47 - 10.0km to go  -  Entry: (108, 'Oddset', 'Milano-Sanremo: Vinder', 'Bryan Coquard', 100.0, '2023/03/18 16:27:15', '12.1')
2023/03/18 16:29:51 - 9.9km to go  -  Entry: (114, 'Oddset', 'Milano-Sanremo: Vinder', 'Tim Wellens', 150.0, '2023/03/18 16:29:38', '9.9')
2023/03/18 16:29:52 - 9.9km to go  -  Entry: (85, 'Oddset', 'Milano-Sanremo: Vinder', 'Tim Wellens', 125.0, '2023/03/18 16:18:22', '20.6')
2023/03/18 16:29:55 - 9.9km to go  -  Odds changed: 3
2023/03/18 16:30:41 - 9.2km to go  -  Odds changed: 0
2023/03/18 16:31:12 - 8.8km to go  -  Entry: (115, 'Oddset', 'Milano-Sanremo: Vinder', 'Matej Mohoric', 12.0, '2023/03/18 16:31:11', '8.8')
2023/03/18 16:31:12 - 8.8km to go  -  Entry: (93, 'Oddset', 'Milano-Sanremo: Vinder', 'Matej Mohoric', 15.0, '2023/03/18 16:21:39', '17.6')
2023/03/18 16:31:17 - 8.7km to go  -  Entry: (116, 'Oddset', 'Milano-Sanremo: Vinder', 'Fillippo Ganna', 30.0, '2023/03/18 16:31:11', '8.7')
2023/03/18 16:31:17 - 8.7km to go  -  Entry: (110, 'Oddset', 'Milano-Sanremo: Vinder', 'Fillippo Ganna', 40.0, '2023/03/18 16:28:03', '11.5')
2023/03/18 16:31:28 - 8.6km to go  -  Entry: (117, 'Oddset', 'Milano-Sanremo: Vinder', '|Neilson Powless', 70.0, '2023/03/18 16:31:11', '8.6')
2023/03/18 16:31:28 - 8.6km to go  -  Entry: (77, 'Oddset', 'Milano-Sanremo: Vinder', '|Neilson Powless', 100.0, '2023/03/18 15:59:47', '33.9')
2023/03/18 16:31:29 - 8.6km to go  -  Odds changed: 3
2023/03/18 16:32:14 - 8.1km to go  -  Odds changed: 0
2023/03/18 16:32:56 - 7.7km to go  -  Entry: (118, 'Oddset', 'Milano-Sanremo: Vinder', 'Magnus Sheffield', 125.0, '2023/03/18 16:32:45', '7.7')
2023/03/18 16:32:56 - 7.7km to go  -  Entry: (49, 'Oddset', 'Milano-Sanremo: Vinder', 'Magnus Sheffield', 100.0, '2023/03/18 10:33:50', None)
2023/03/18 16:32:59 - 7.7km to go  -  Entry: (119, 'Oddset', 'Milano-Sanremo: Vinder', '|Neilson Powless', 50.0, '2023/03/18 16:32:45', '7.7')
2023/03/18 16:33:00 - 7.7km to go  -  Entry: (117, 'Oddset', 'Milano-Sanremo: Vinder', '|Neilson Powless', 70.0, '2023/03/18 16:31:11', '8.6')
2023/03/18 16:33:00 - 7.7km to go  -  Odds changed: 2
2023/03/18 16:33:47 - 7.2km to go  -  Odds changed: 0
2023/03/18 16:34:33 - 6.7km to go  -  Odds changed: 0
2023/03/18 16:35:20 - 6.2km to go  -  Odds changed: 0
2023/03/18 16:36:06 - 5.5km to go  -  Odds changed: 0
2023/03/18 16:36:52 - 4.7km to go  -  Odds changed: 0
2023/03/18 16:37:38 - 4.1km to go  -  Odds changed: 0
2023/03/18 16:38:24 - 3.3km to go  -  Odds changed: 0
2023/03/18 16:39:09 - 2.7km to go  -  Odds changed: 0
2023/03/18 16:39:53 - 2.2km to go  -  Odds changed: 0
2023/03/18 16:40:38 - 1.4km to go  -  Odds changed: 0
2023/03/18 16:41:24 - 0.7km to go  -  Odds changed: 0
2023/03/18 16:42:11 - 0km to go  -  Odds changed: 0
2023/03/18 16:42:42 - 0km to go  -  Odds changed: 0
